{"level":"error","message":"could not get the genres","timestamp":"2021-07-28T20:31:49.632Z"}
{"level":"error","message":"could not get the genres","timestamp":"2021-07-28T20:59:59.555Z"}
{"level":"error","message":"could not get the genres","timestamp":"2021-07-28T21:00:02.475Z"}
{"message":"Something failed during start up.","stack":"Error: Something failed during start up.\n    at Object.<anonymous> (/home/lawrencepro/Desktop/vidly-api-demo/index.js:28:7)\n    at Module._compile (node:internal/modules/cjs/loader:1109:14)\n    at Object.Module._extensions..js (node:internal/modules/cjs/loader:1138:10)\n    at Module.load (node:internal/modules/cjs/loader:989:32)\n    at Function.Module._load (node:internal/modules/cjs/loader:829:14)\n    at Function.executeUserEntryPoint [as runMain] (node:internal/modules/run_main:76:12)\n    at node:internal/main/run_main_module:17:47","level":"error","timestamp":"2021-07-30T20:49:53.325Z"}
{"level":"info","message":"connected to Mongodb ....","timestamp":"2021-07-30T21:33:09.135Z"}
{"level":"info","message":"listening on port 3400..........","timestamp":"2021-08-03T10:44:20.693Z"}
{"level":"info","message":"connected to mongodb://localhost/vidly ....","timestamp":"2021-08-03T10:44:20.726Z"}
{"level":"info","message":"listening on port 3400..........","timestamp":"2021-08-03T10:45:52.288Z"}
{"level":"info","message":"connected to mongodb://localhost/vidly_tests ....","timestamp":"2021-08-03T10:45:52.319Z"}
{"level":"info","message":"listening on port 3400..........","timestamp":"2021-08-03T11:08:00.961Z"}
{"level":"info","message":"connected to mongodb://localhost/vidly_tests ....","timestamp":"2021-08-03T11:08:01.040Z"}
{"level":"info","message":"listening on port 3400..........","timestamp":"2021-08-03T11:10:39.272Z"}
{"level":"info","message":"connected to mongodb://localhost/vidly_tests ....","timestamp":"2021-08-03T11:10:39.315Z"}
{"level":"info","message":"listening on port 3400..........","timestamp":"2021-08-03T11:10:52.737Z"}
{"level":"info","message":"connected to mongodb://localhost/vidly_tests ....","timestamp":"2021-08-03T11:10:52.817Z"}
{"level":"info","message":"listening on port 3400..........","timestamp":"2021-08-03T11:10:59.743Z"}
{"level":"info","message":"connected to mongodb://localhost/vidly_tests ....","timestamp":"2021-08-03T11:10:59.786Z"}
{"level":"info","message":"listening on port 3400..........","timestamp":"2021-08-03T11:11:09.491Z"}
{"level":"info","message":"connected to mongodb://localhost/vidly_tests ....","timestamp":"2021-08-03T11:11:09.544Z"}
{"level":"info","message":"listening on port 3400..........","timestamp":"2021-08-03T11:11:15.983Z"}
{"level":"info","message":"connected to mongodb://localhost/vidly_tests ....","timestamp":"2021-08-03T11:11:16.059Z"}
{"level":"info","message":"listening on port 3400..........","timestamp":"2021-08-03T11:12:02.439Z"}
{"level":"info","message":"connected to mongodb://localhost/vidly_tests ....","timestamp":"2021-08-03T11:12:02.516Z"}
{"level":"info","message":"listening on port 3400..........","timestamp":"2021-08-03T11:12:10.087Z"}
{"level":"info","message":"connected to mongodb://localhost/vidly_tests ....","timestamp":"2021-08-03T11:12:10.156Z"}
{"level":"info","message":"listening on port 3400..........","timestamp":"2021-08-03T11:12:22.280Z"}
{"level":"info","message":"connected to mongodb://localhost/vidly_tests ....","timestamp":"2021-08-03T11:12:22.338Z"}
{"level":"info","message":"listening on port 3400..........","timestamp":"2021-08-03T11:12:32.214Z"}
{"level":"info","message":"connected to mongodb://localhost/vidly_tests ....","timestamp":"2021-08-03T11:12:32.316Z"}
{"level":"info","message":"listening on port 3400..........","timestamp":"2021-08-03T11:12:41.789Z"}
{"level":"info","message":"connected to mongodb://localhost/vidly_tests ....","timestamp":"2021-08-03T11:12:41.840Z"}
{"level":"info","message":"listening on port 3400..........","timestamp":"2021-08-03T11:13:02.131Z"}
{"level":"info","message":"connected to mongodb://localhost/vidly_tests ....","timestamp":"2021-08-03T11:13:02.218Z"}
{"level":"info","message":"listening on port 3400..........","timestamp":"2021-08-03T11:13:06.210Z"}
{"level":"info","message":"connected to mongodb://localhost/vidly_tests ....","timestamp":"2021-08-03T11:13:06.272Z"}
{"level":"info","message":"listening on port 3400..........","timestamp":"2021-08-03T11:13:16.220Z"}
{"level":"info","message":"connected to mongodb://localhost/vidly_tests ....","timestamp":"2021-08-03T11:13:16.311Z"}
{"level":"info","message":"listening on port 3400..........","timestamp":"2021-08-03T11:13:59.698Z"}
{"level":"info","message":"connected to mongodb://localhost/vidly_tests ....","timestamp":"2021-08-03T11:13:59.740Z"}
{"level":"info","message":"listening on port 3400..........","timestamp":"2021-08-03T11:14:07.024Z"}
{"level":"info","message":"connected to mongodb://localhost/vidly_tests ....","timestamp":"2021-08-03T11:14:07.106Z"}
{"level":"info","message":"listening on port 3400..........","timestamp":"2021-08-03T11:14:48.176Z"}
{"level":"info","message":"connected to mongodb://localhost/vidly_tests ....","timestamp":"2021-08-03T11:14:48.219Z"}
{"level":"info","message":"listening on port 3400..........","timestamp":"2021-08-03T11:15:06.596Z"}
{"level":"info","message":"connected to mongodb://localhost/vidly_tests ....","timestamp":"2021-08-03T11:15:06.653Z"}
{"level":"info","message":"listening on port 3400..........","timestamp":"2021-08-03T11:15:12.957Z"}
{"level":"info","message":"connected to mongodb://localhost/vidly_tests ....","timestamp":"2021-08-03T11:15:13.047Z"}
{"level":"info","message":"listening on port 3400..........","timestamp":"2021-08-03T11:18:22.701Z"}
{"level":"info","message":"connected to mongodb://localhost/vidly_tests ....","timestamp":"2021-08-03T11:18:22.737Z"}
{"level":"info","message":"listening on port 3400..........","timestamp":"2021-08-03T11:18:28.919Z"}
{"level":"info","message":"connected to mongodb://localhost/vidly_tests ....","timestamp":"2021-08-03T11:18:28.967Z"}
{"level":"info","message":"listening on port 3400..........","timestamp":"2021-08-03T11:18:36.005Z"}
{"level":"info","message":"connected to mongodb://localhost/vidly_tests ....","timestamp":"2021-08-03T11:18:36.068Z"}
{"level":"info","message":"listening on port 3400..........","timestamp":"2021-08-03T11:19:19.301Z"}
{"level":"info","message":"connected to mongodb://localhost/vidly_tests ....","timestamp":"2021-08-03T11:19:19.345Z"}
{"level":"info","message":"listening on port 3400..........","timestamp":"2021-08-03T11:19:25.302Z"}
{"level":"info","message":"connected to mongodb://localhost/vidly_tests ....","timestamp":"2021-08-03T11:19:25.358Z"}
{"level":"info","message":"listening on port 3400..........","timestamp":"2021-08-03T11:19:30.775Z"}
{"level":"info","message":"connected to mongodb://localhost/vidly_tests ....","timestamp":"2021-08-03T11:19:30.820Z"}
{"level":"info","message":"listening on port 3400..........","timestamp":"2021-08-03T11:19:42.497Z"}
{"level":"info","message":"connected to mongodb://localhost/vidly_tests ....","timestamp":"2021-08-03T11:19:42.559Z"}
{"level":"info","message":"listening on port 3400..........","timestamp":"2021-08-03T11:20:18.671Z"}
{"level":"info","message":"connected to mongodb://localhost/vidly_tests ....","timestamp":"2021-08-03T11:20:18.701Z"}
{"level":"info","message":"listening on port 3400..........","timestamp":"2021-08-03T11:24:29.777Z"}
{"level":"info","message":"connected to mongodb://localhost/vidly_tests ....","timestamp":"2021-08-03T11:24:29.811Z"}
{"level":"info","message":"listening on port 3400..........","timestamp":"2021-08-03T11:25:13.716Z"}
{"level":"info","message":"connected to mongodb://localhost/vidly_tests ....","timestamp":"2021-08-03T11:25:13.775Z"}
{"level":"info","message":"listening on port 3400..........","timestamp":"2021-08-03T11:25:45.361Z"}
{"level":"info","message":"connected to mongodb://localhost/vidly_tests ....","timestamp":"2021-08-03T11:25:45.421Z"}
{"level":"info","message":"listening on port 3400..........","timestamp":"2021-08-03T11:25:52.310Z"}
{"level":"info","message":"connected to mongodb://localhost/vidly_tests ....","timestamp":"2021-08-03T11:25:52.346Z"}
{"level":"info","message":"listening on port 3400..........","timestamp":"2021-08-03T11:27:27.985Z"}
{"level":"info","message":"connected to mongodb://localhost/vidly_tests ....","timestamp":"2021-08-03T11:27:28.031Z"}
{"level":"info","message":"listening on port 3400..........","timestamp":"2021-08-03T11:27:33.420Z"}
{"level":"info","message":"connected to mongodb://localhost/vidly_tests ....","timestamp":"2021-08-03T11:27:33.470Z"}
{"level":"info","message":"listening on port 3400..........","timestamp":"2021-08-03T11:27:42.782Z"}
{"level":"info","message":"connected to mongodb://localhost/vidly_tests ....","timestamp":"2021-08-03T11:27:42.846Z"}
{"level":"info","message":"listening on port 3400..........","timestamp":"2021-08-03T11:28:16.503Z"}
{"level":"info","message":"connected to mongodb://localhost/vidly_tests ....","timestamp":"2021-08-03T11:28:16.534Z"}
{"level":"info","message":"listening on port 3400..........","timestamp":"2021-08-03T11:29:29.193Z"}
{"level":"info","message":"connected to mongodb://localhost/vidly_tests ....","timestamp":"2021-08-03T11:29:29.224Z"}
{"level":"info","message":"listening on port 3400..........","timestamp":"2021-08-03T11:30:07.679Z"}
{"level":"info","message":"connected to mongodb://localhost/vidly_tests ....","timestamp":"2021-08-03T11:30:07.710Z"}
{"level":"info","message":"listening on port 3400..........","timestamp":"2021-08-03T11:31:48.876Z"}
{"level":"info","message":"connected to mongodb://localhost/vidly_tests ....","timestamp":"2021-08-03T11:31:48.916Z"}
{"level":"info","message":"listening on port 3400..........","timestamp":"2021-08-03T11:33:06.315Z"}
{"level":"info","message":"connected to mongodb://localhost/vidly_tests ....","timestamp":"2021-08-03T11:33:06.347Z"}
{"level":"info","message":"listening on port 3400..........","timestamp":"2021-08-03T11:35:19.179Z"}
{"level":"info","message":"connected to mongodb://localhost/vidly_tests ....","timestamp":"2021-08-03T11:35:19.229Z"}
{"level":"info","message":"listening on port 3400..........","timestamp":"2021-08-03T11:35:24.929Z"}
{"level":"info","message":"connected to mongodb://localhost/vidly_tests ....","timestamp":"2021-08-03T11:35:24.981Z"}
{"level":"info","message":"listening on port 3400..........","timestamp":"2021-08-03T11:35:30.509Z"}
{"level":"info","message":"connected to mongodb://localhost/vidly_tests ....","timestamp":"2021-08-03T11:35:30.575Z"}
{"level":"info","message":"listening on port 3400..........","timestamp":"2021-08-03T11:35:43.976Z"}
{"level":"info","message":"connected to mongodb://localhost/vidly_tests ....","timestamp":"2021-08-03T11:35:44.036Z"}
{"level":"info","message":"listening on port 3400..........","timestamp":"2021-08-03T11:35:49.032Z"}
{"level":"info","message":"connected to mongodb://localhost/vidly_tests ....","timestamp":"2021-08-03T11:35:49.085Z"}
{"level":"info","message":"listening on port 3400..........","timestamp":"2021-08-03T11:36:07.302Z"}
{"level":"info","message":"connected to mongodb://localhost/vidly_tests ....","timestamp":"2021-08-03T11:36:07.349Z"}
{"level":"info","message":"listening on port 3400..........","timestamp":"2021-08-03T11:36:21.890Z"}
{"level":"info","message":"connected to mongodb://localhost/vidly_tests ....","timestamp":"2021-08-03T11:36:22.032Z"}
{"level":"info","message":"listening on port 3400..........","timestamp":"2021-08-03T11:36:28.973Z"}
{"level":"info","message":"connected to mongodb://localhost/vidly_tests ....","timestamp":"2021-08-03T11:36:29.020Z"}
{"level":"info","message":"listening on port 3400..........","timestamp":"2021-08-03T11:37:02.888Z"}
{"level":"info","message":"connected to mongodb://localhost/vidly_tests ....","timestamp":"2021-08-03T11:37:02.933Z"}
